c:\users\francis\desktop\dropbox\charge_cours\inf147\tp\2019s1automne\tp1 - décodeur arinc-429\enonce\decodeur_arinc429\debug\utilitaire.obj
c:\users\francis\desktop\dropbox\charge_cours\inf147\tp\2019s1automne\tp1 - décodeur arinc-429\enonce\decodeur_arinc429\debug\decodeur_a429.obj
c:\users\francis\desktop\dropbox\charge_cours\inf147\tp\2019s1automne\tp1 - décodeur arinc-429\enonce\decodeur_arinc429\debug\vc142.pdb
c:\users\francis\desktop\dropbox\charge_cours\inf147\tp\2019s1automne\tp1 - décodeur arinc-429\enonce\code_depart\decodeur_arinc429\debug\vc142.pdb
c:\users\francis\desktop\dropbox\charge_cours\inf147\tp\2019s1automne\tp1 - décodeur arinc-429\enonce\code_depart\decodeur_arinc429\debug\vc142.idb
c:\users\francis\desktop\dropbox\charge_cours\inf147\tp\2019s1automne\tp1 - décodeur arinc-429\enonce\code_depart\decodeur_arinc429\debug\test.obj
c:\users\francis\desktop\dropbox\charge_cours\inf147\tp\2019s1automne\tp1 - décodeur arinc-429\enonce\code_depart\decodeur_arinc429\debug\main.obj
c:\users\francis\desktop\dropbox\charge_cours\inf147\tp\2019s1automne\tp1 - décodeur arinc-429\enonce\code_depart\decodeur_arinc429\debug\decodeur_a429.obj
c:\users\francis\desktop\dropbox\charge_cours\inf147\tp\2019s1automne\tp1 - décodeur arinc-429\enonce\code_depart\decodeur_arinc429\debug\utilitaire.obj
c:\users\francis\desktop\dropbox\charge_cours\inf147\tp\2019s1automne\tp1 - décodeur arinc-429\enonce\code_depart\decodeur_arinc429\debug\port_udp.obj
c:\users\francis\desktop\dropbox\charge_cours\inf147\tp\2019s1automne\tp1 - décodeur arinc-429\enonce\decodeur_arinc429\debug\decodeur_arinc429.exe
c:\users\francis\desktop\dropbox\charge_cours\inf147\tp\2019s1automne\tp1 - décodeur arinc-429\enonce\decodeur_arinc429\debug\decodeur_arinc429.ilk
c:\users\francis\desktop\dropbox\charge_cours\inf147\tp\2019s1automne\tp1 - décodeur arinc-429\enonce\decodeur_arinc429\debug\decodeur_arinc429.pdb
c:\users\francis\desktop\dropbox\charge_cours\inf147\tp\2019s1automne\tp1 - décodeur arinc-429\enonce\code_depart\decodeur_arinc429\debug\decodeur_arinc429.exe
c:\users\francis\desktop\dropbox\charge_cours\inf147\tp\2019s1automne\tp1 - décodeur arinc-429\enonce\code_depart\decodeur_arinc429\debug\decodeur_arinc429.ilk
c:\users\francis\desktop\dropbox\charge_cours\inf147\tp\2019s1automne\tp1 - décodeur arinc-429\enonce\code_depart\decodeur_arinc429\debug\decodeur_arinc429.pdb
c:\users\francis\desktop\dropbox\charge_cours\inf147\tp\2019s1automne\tp1 - décodeur arinc-429\enonce\code_depart\decodeur_arinc429\debug\decodeur.04eae4fa.tlog\cl.command.1.tlog
c:\users\francis\desktop\dropbox\charge_cours\inf147\tp\2019s1automne\tp1 - décodeur arinc-429\enonce\code_depart\decodeur_arinc429\debug\decodeur.04eae4fa.tlog\cl.read.1.tlog
c:\users\francis\desktop\dropbox\charge_cours\inf147\tp\2019s1automne\tp1 - décodeur arinc-429\enonce\code_depart\decodeur_arinc429\debug\decodeur.04eae4fa.tlog\cl.write.1.tlog
c:\users\francis\desktop\dropbox\charge_cours\inf147\tp\2019s1automne\tp1 - décodeur arinc-429\enonce\code_depart\decodeur_arinc429\debug\decodeur.04eae4fa.tlog\link.command.1.tlog
c:\users\francis\desktop\dropbox\charge_cours\inf147\tp\2019s1automne\tp1 - décodeur arinc-429\enonce\code_depart\decodeur_arinc429\debug\decodeur.04eae4fa.tlog\link.read.1.tlog
c:\users\francis\desktop\dropbox\charge_cours\inf147\tp\2019s1automne\tp1 - décodeur arinc-429\enonce\code_depart\decodeur_arinc429\debug\decodeur.04eae4fa.tlog\link.write.1.tlog
